c:\users\user\node_modules\level\node_modules\leveldown\deps\leveldb\release\obj\leveldb\memtable.obj
c:\users\user\node_modules\level\node_modules\leveldown\deps\leveldb\release\obj\leveldb\version_edit.obj
c:\users\user\node_modules\level\node_modules\leveldown\deps\leveldb\release\obj\leveldb\env.obj
c:\users\user\node_modules\level\node_modules\leveldown\deps\leveldb\release\obj\leveldb\memenv.obj
c:\users\user\node_modules\level\node_modules\leveldown\deps\leveldb\release\obj\leveldb\env_win.obj
c:\users\user\node_modules\level\node_modules\leveldown\deps\leveldb\release\obj\leveldb\log_reader.obj
c:\users\user\node_modules\level\node_modules\leveldown\deps\leveldb\release\obj\leveldb\builder.obj
c:\users\user\node_modules\level\node_modules\leveldown\deps\leveldb\release\obj\leveldb\arena.obj
c:\users\user\node_modules\level\node_modules\leveldown\deps\leveldb\release\obj\leveldb\crc32c.obj
c:\users\user\node_modules\level\node_modules\leveldown\deps\leveldb\release\obj\leveldb\format.obj
c:\users\user\node_modules\level\node_modules\leveldown\deps\leveldb\release\obj\leveldb\leveldb_main.obj
c:\users\user\node_modules\level\node_modules\leveldown\deps\leveldb\release\obj\leveldb\write_batch.obj
c:\users\user\node_modules\level\node_modules\leveldown\deps\leveldb\release\obj\leveldb\log_writer.obj
c:\users\user\node_modules\level\node_modules\leveldown\deps\leveldb\release\obj\leveldb\options.obj
c:\users\user\node_modules\level\node_modules\leveldown\deps\leveldb\release\obj\leveldb\comparator.obj
c:\users\user\node_modules\level\node_modules\leveldown\deps\leveldb\release\obj\leveldb\table_builder.obj
c:\users\user\node_modules\level\node_modules\leveldown\deps\leveldb\release\obj\leveldb\db_impl.obj
c:\users\user\node_modules\level\node_modules\leveldown\deps\leveldb\release\obj\leveldb\bloom.obj
c:\users\user\node_modules\level\node_modules\leveldown\deps\leveldb\release\obj\leveldb\coding.obj
c:\users\user\node_modules\level\node_modules\leveldown\deps\leveldb\release\obj\leveldb\two_level_iterator.obj
c:\users\user\node_modules\level\node_modules\leveldown\deps\leveldb\release\obj\leveldb\merger.obj
c:\users\user\node_modules\level\node_modules\leveldown\deps\leveldb\release\obj\leveldb\dumpfile.obj
c:\users\user\node_modules\level\node_modules\leveldown\deps\leveldb\release\obj\leveldb\status.obj
c:\users\user\node_modules\level\node_modules\leveldown\deps\leveldb\release\obj\leveldb\logging.obj
c:\users\user\node_modules\level\node_modules\leveldown\deps\leveldb\release\obj\leveldb\table.obj
c:\users\user\node_modules\level\node_modules\leveldown\deps\leveldb\release\obj\leveldb\win_logger.obj
c:\users\user\node_modules\level\node_modules\leveldown\deps\leveldb\release\obj\leveldb\dbformat.obj
c:\users\user\node_modules\level\node_modules\leveldown\deps\leveldb\release\obj\leveldb\filename.obj
c:\users\user\node_modules\level\node_modules\leveldown\deps\leveldb\release\obj\leveldb\cache.obj
c:\users\user\node_modules\level\node_modules\leveldown\deps\leveldb\release\obj\leveldb\block_builder.obj
c:\users\user\node_modules\level\node_modules\leveldown\deps\leveldb\release\obj\leveldb\port_uv.obj
c:\users\user\node_modules\level\node_modules\leveldown\deps\leveldb\release\obj\leveldb\table_cache.obj
c:\users\user\node_modules\level\node_modules\leveldown\deps\leveldb\release\obj\leveldb\repair.obj
c:\users\user\node_modules\level\node_modules\leveldown\deps\leveldb\release\obj\leveldb\hash.obj
c:\users\user\node_modules\level\node_modules\leveldown\deps\leveldb\release\obj\leveldb\block.obj
c:\users\user\node_modules\level\node_modules\leveldown\deps\leveldb\release\obj\leveldb\db_iter.obj
c:\users\user\node_modules\level\node_modules\leveldown\deps\leveldb\release\obj\leveldb\version_set.obj
c:\users\user\node_modules\level\node_modules\leveldown\deps\leveldb\release\obj\leveldb\filter_policy.obj
c:\users\user\node_modules\level\node_modules\leveldown\deps\leveldb\release\obj\leveldb\iterator.obj
c:\users\user\node_modules\level\node_modules\leveldown\deps\leveldb\release\obj\leveldb\filter_block.obj
c:\users\user\node_modules\level\node_modules\leveldown\deps\leveldb\release\obj\leveldb\vc140.pdb
c:\users\user\node_modules\level\node_modules\leveldown\deps\leveldb\release\leveldb.lib
c:\users\user\node_modules\level\node_modules\leveldown\deps\leveldb\release\leveldb.exp
c:\users\user\node_modules\level\node_modules\leveldown\deps\leveldb\release\leveldb.dll
c:\users\user\node_modules\level\node_modules\leveldown\deps\leveldb\release\leveldb.pdb
c:\users\user\node_modules\level\node_modules\leveldown\deps\leveldb\release\\leveldb.dll
c:\users\user\node_modules\level\node_modules\leveldown\deps\leveldb\release\obj\leveldb\leveldb.tlog\cl.1308.write.1.tlog
c:\users\user\node_modules\level\node_modules\leveldown\deps\leveldb\release\obj\leveldb\leveldb.tlog\cl.command.1.tlog
c:\users\user\node_modules\level\node_modules\leveldown\deps\leveldb\release\obj\leveldb\leveldb.tlog\cl.read.1.tlog
c:\users\user\node_modules\level\node_modules\leveldown\deps\leveldb\release\obj\leveldb\leveldb.tlog\leveldb.write.1u.tlog
c:\users\user\node_modules\level\node_modules\leveldown\deps\leveldb\release\obj\leveldb\leveldb.tlog\link.command.1.tlog
c:\users\user\node_modules\level\node_modules\leveldown\deps\leveldb\release\obj\leveldb\leveldb.tlog\link.read.1.tlog
c:\users\user\node_modules\level\node_modules\leveldown\deps\leveldb\release\obj\leveldb\leveldb.tlog\link.write.1.tlog
